TN:
SF:src\routes.ts
FNF:0
FNH:0
DA:1,0
DA:2,0
DA:4,0
DA:6,0
DA:9,0
LF:5
LH:0
BRF:0
BRH:0
end_of_record
TN:
SF:src\server.ts
FN:16,(anonymous_1)
FN:22,(anonymous_2)
FNF:2
FNH:0
FNDA:0,(anonymous_1)
FNDA:0,(anonymous_2)
DA:1,0
DA:2,0
DA:3,0
DA:4,0
DA:6,0
DA:7,0
DA:8,0
DA:9,0
DA:11,0
DA:12,0
DA:14,0
DA:16,0
DA:17,0
DA:20,0
DA:22,0
DA:23,0
DA:24,0
DA:27,0
LF:18
LH:0
BRDA:8,0,0,0
BRDA:8,0,1,0
BRF:2
BRH:0
end_of_record
TN:
SF:src\config\db.ts
FN:5,(anonymous_8)
FN:5,(anonymous_9)
FNF:2
FNH:0
FNDA:0,(anonymous_8)
FNDA:0,(anonymous_9)
DA:1,0
DA:2,0
DA:3,0
DA:5,0
DA:6,0
DA:7,0
DA:8,0
DA:10,0
DA:11,0
DA:15,0
LF:10
LH:0
BRF:0
BRH:0
end_of_record
TN:
SF:src\modules\users\controllers\postUserController.ts
FN:5,(anonymous_7)
FN:8,(anonymous_8)
FNF:2
FNH:2
FNDA:4,(anonymous_7)
FNDA:4,(anonymous_8)
DA:2,1
DA:3,1
DA:5,1
DA:8,4
DA:9,4
DA:10,4
DA:11,1
DA:15,3
DA:16,3
DA:18,0
LF:10
LH:9
BRDA:15,0,0,3
BRDA:15,0,1,0
BRF:2
BRH:1
end_of_record
TN:
SF:src\modules\users\repository\postUserRepository.ts
FN:3,(anonymous_8)
FN:3,(anonymous_9)
FNF:2
FNH:0
FNDA:0,(anonymous_8)
FNDA:0,(anonymous_9)
DA:1,2
DA:3,2
DA:4,0
LF:3
LH:2
BRF:0
BRH:0
end_of_record
TN:
SF:src\modules\users\routes\index.ts
FNF:0
FNH:0
DA:1,0
DA:2,0
DA:4,0
DA:6,0
DA:82,0
LF:5
LH:0
BRF:0
BRH:0
end_of_record
TN:
SF:src\modules\users\schema\usersSchema.ts
FNF:0
FNH:0
DA:1,2
DA:16,2
DA:46,2
DA:48,2
LF:4
LH:4
BRF:0
BRH:0
end_of_record
TN:
SF:src\modules\users\services\postUserService.ts
FN:5,(anonymous_7)
FN:5,(anonymous_8)
FNF:2
FNH:2
FNDA:9,(anonymous_7)
FNDA:9,(anonymous_8)
DA:1,2
DA:2,2
DA:5,9
DA:6,9
DA:8,9
DA:9,2
DA:12,7
DA:13,7
DA:15,7
DA:16,3
DA:21,4
DA:25,4
DA:26,3
LF:13
LH:13
BRDA:8,0,0,2
BRDA:8,1,0,9
BRDA:8,1,1,7
BRDA:15,2,0,3
BRDA:15,3,0,7
BRDA:15,3,1,5
BRDA:15,3,2,5
BRDA:15,3,3,2
BRDA:21,4,0,1
BRDA:21,4,1,3
BRF:10
BRH:10
end_of_record
TN:
SF:src\swagger\swaggerConfig.ts
FNF:0
FNH:0
DA:1,0
DA:3,0
DA:21,0
LF:3
LH:0
BRF:0
BRH:0
end_of_record
TN:
SF:src\utils\geoLocate.ts
FN:3,(anonymous_8)
FN:3,(anonymous_9)
FNF:2
FNH:0
FNDA:0,(anonymous_8)
FNDA:0,(anonymous_9)
DA:1,2
DA:3,2
DA:4,0
DA:5,0
DA:7,0
DA:8,0
DA:11,0
DA:16,0
LF:8
LH:2
BRDA:7,0,0,0
BRF:1
BRH:0
end_of_record
TN:
SF:src\utils\responseStatus.ts
FNF:0
FNH:0
DA:1,1
LF:1
LH:1
BRF:0
BRH:0
end_of_record
